<?xml version="1.0" encoding="UTF-8"?>
<!-- Generated by org.testng.reporters.JUnitXMLReporter -->
<testsuite ignored="0" hostname="Abhay" failures="1" tests="2" name="Test" time="0.087" errors="0" timestamp="2022-12-01T20:16:10 IST">
  <testcase classname="test1.day1" name="Demo" time="0.018">
    <failure type="java.lang.AssertionError" message="expected [true] but found [false]">
      <![CDATA[java.lang.AssertionError: expected [true] but found [false]
at test1.day1.Demo(day1.java:22)
at java.base/java.util.ArrayList.forEach(ArrayList.java:1511)
... Removed 31 stack frames]]>
    </failure>
  </testcase> <!-- Demo -->
  <testcase classname="test1.day1" name="SecondTest" time="0.002"/>
</testsuite> <!-- Test -->
